#-----------------------------------------------------------
# Webtalk v2015.2 (64-bit)
# SW Build 1266856 on Fri Jun 26 16:35:25 MDT 2015
# 
# Start of session at: Wed Oct 14 13:09:46 2015
# Process ID: 23692
# Log file: /home/rcampos/co-diseno/hello_world_3-base-for-mult/hello_world_3.sdk/webtalk/webtalk.log
# Journal file: /home/rcampos/co-diseno/hello_world_3-base-for-mult/hello_world_3.sdk/webtalk/webtalk.jou
#-----------------------------------------------------------
source sdk_webtalk.tcl
# webtalk_init -webtalk_dir /home/rcampos/co-diseno/hello_world_3-base-for-mult/hello_world_3.sdk/webtalk
# webtalk_register_client -client project
# webtalk_add_data -client project -key date_generated -value "mié oct 14 13:09:46 2015" -context "software_version_and_target_device"
# webtalk_add_data -client project -key product_version -value "SDK v2015.2" -context "software_version_and_target_device"
# webtalk_add_data -client project -key build_version -value "2015.2" -context "software_version_and_target_device"
# webtalk_add_data -client project -key os_platform -value "amd64" -context "software_version_and_target_device"
# webtalk_add_data -client project -key registration_id -value "" -context "software_version_and_target_device"
# webtalk_add_data -client project -key tool_flow -value "SDK" -context "software_version_and_target_device"
# webtalk_add_data -client project -key beta -value "false" -context "software_version_and_target_device"
# webtalk_add_data -client project -key route_design -value "NA" -context "software_version_and_target_device"
# webtalk_add_data -client project -key target_family -value "NA" -context "software_version_and_target_device"
# webtalk_add_data -client project -key target_device -value "NA" -context "software_version_and_target_device"
# webtalk_add_data -client project -key target_package -value "NA" -context "software_version_and_target_device"
# webtalk_add_data -client project -key target_speed -value "NA" -context "software_version_and_target_device"
# webtalk_add_data -client project -key random_id -value "emfda9fmk6p4sjb12n1c27lndj" -context "software_version_and_target_device"
# webtalk_add_data -client project -key project_id -value "2015.2_7" -context "software_version_and_target_device"
# webtalk_add_data -client project -key project_iteration -value "7" -context "software_version_and_target_device"
# webtalk_add_data -client project -key os_name -value "" -context "user_environment"
# webtalk_add_data -client project -key os_release -value "" -context "user_environment"
# webtalk_add_data -client project -key cpu_name -value "" -context "user_environment"
# webtalk_add_data -client project -key cpu_speed -value "" -context "user_environment"
# webtalk_add_data -client project -key total_processors -value "" -context "user_environment"
# webtalk_add_data -client project -key system_ram -value "" -context "user_environment"
# webtalk_register_client -client sdk
# webtalk_add_data -client sdk -key uid -value "1444837635000" -context "sdk\\\\bsp/1444837635000"
# webtalk_add_data -client sdk -key hwid -value "1441807554000" -context "sdk\\\\bsp/1444837635000"
# webtalk_add_data -client sdk -key os -value "standalone" -context "sdk\\\\bsp/1444837635000"
# webtalk_add_data -client sdk -key apptemplate -value "null" -context "sdk\\\\bsp/1444837635000"
# webtalk_add_data -client sdk -key uid -value "1444838152000" -context "sdk\\\\bsp/1444838152000"
# webtalk_add_data -client sdk -key hwid -value "1441807554000" -context "sdk\\\\bsp/1444838152000"
# webtalk_add_data -client sdk -key os -value "standalone" -context "sdk\\\\bsp/1444838152000"
# webtalk_add_data -client sdk -key apptemplate -value "empty_application" -context "sdk\\\\bsp/1444838152000"
# webtalk_add_data -client sdk -key uid -value "1444838158000" -context "sdk\\\\application/1444838158000"
# webtalk_add_data -client sdk -key hwid -value "1441807554000" -context "sdk\\\\application/1444838158000"
# webtalk_add_data -client sdk -key bspid -value "1444838152000" -context "sdk\\\\application/1444838158000"
# webtalk_add_data -client sdk -key newbsp -value "true" -context "sdk\\\\application/1444838158000"
# webtalk_add_data -client sdk -key os -value "standalone" -context "sdk\\\\application/1444838158000"
# webtalk_add_data -client sdk -key apptemplate -value "empty_application" -context "sdk\\\\application/1444838158000"
# webtalk_add_data -client sdk -key uid -value "1444838262000" -context "sdk\\\\bsp/1444838262000"
# webtalk_add_data -client sdk -key hwid -value "1444833342000" -context "sdk\\\\bsp/1444838262000"
# webtalk_add_data -client sdk -key os -value "standalone" -context "sdk\\\\bsp/1444838262000"
# webtalk_add_data -client sdk -key apptemplate -value "hello_world" -context "sdk\\\\bsp/1444838262000"
# webtalk_add_data -client sdk -key uid -value "1444838268000" -context "sdk\\\\application/1444838268000"
# webtalk_add_data -client sdk -key hwid -value "1444833342000" -context "sdk\\\\application/1444838268000"
# webtalk_add_data -client sdk -key bspid -value "1444838262000" -context "sdk\\\\application/1444838268000"
# webtalk_add_data -client sdk -key newbsp -value "true" -context "sdk\\\\application/1444838268000"
# webtalk_add_data -client sdk -key os -value "standalone" -context "sdk\\\\application/1444838268000"
# webtalk_add_data -client sdk -key apptemplate -value "hello_world" -context "sdk\\\\application/1444838268000"
# webtalk_transmit -clientid 2470643248 -regid "" -xml /home/rcampos/co-diseno/hello_world_3-base-for-mult/hello_world_3.sdk/webtalk/usage_statistics_ext_sdk.xml -html /home/rcampos/co-diseno/hello_world_3-base-for-mult/hello_world_3.sdk/webtalk/usage_statistics_ext_sdk.html -wdm /home/rcampos/co-diseno/hello_world_3-base-for-mult/hello_world_3.sdk/webtalk/sdk_webtalk.wdm -intro "<H3>SDK Usage Report</H3><BR>"
INFO: [Common 17-186] '/home/rcampos/co-diseno/hello_world_3-base-for-mult/hello_world_3.sdk/webtalk/usage_statistics_ext_sdk.xml' has been successfully sent to Xilinx on Wed Oct 14 13:09:49 2015. For additional details about this file, please refer to the WebTalk help file at /opt/Xilinx/SDK/2015.2/doc/webtalk_introduction.html.
# webtalk_terminate
INFO: [Common 17-206] Exiting Webtalk at Wed Oct 14 13:09:49 2015...
