#-----------------------------------------------------------
# Webtalk v2015.2 (64-bit)
# SW Build 1266856 on Fri Jun 26 16:35:25 MDT 2015
# 
# Start of session at: Fri Nov 20 12:27:46 2015
# Process ID: 11172
# Log file: /home/rcampos/co-diseno/tp-final/soc/labo6_vivado_try3/hello_world_3.sdk/webtalk/webtalk.log
# Journal file: /home/rcampos/co-diseno/tp-final/soc/labo6_vivado_try3/hello_world_3.sdk/webtalk/webtalk.jou
#-----------------------------------------------------------
source sdk_webtalk.tcl
# webtalk_init -webtalk_dir /home/rcampos/co-diseno/tp-final/soc/labo6_vivado_try3/hello_world_3.sdk/webtalk
# webtalk_register_client -client project
# webtalk_add_data -client project -key date_generated -value "vie nov 20 12:27:45 2015" -context "software_version_and_target_device"
# webtalk_add_data -client project -key product_version -value "SDK v2015.2" -context "software_version_and_target_device"
# webtalk_add_data -client project -key build_version -value "2015.2" -context "software_version_and_target_device"
# webtalk_add_data -client project -key os_platform -value "amd64" -context "software_version_and_target_device"
# webtalk_add_data -client project -key registration_id -value "" -context "software_version_and_target_device"
# webtalk_add_data -client project -key tool_flow -value "SDK" -context "software_version_and_target_device"
# webtalk_add_data -client project -key beta -value "false" -context "software_version_and_target_device"
# webtalk_add_data -client project -key route_design -value "NA" -context "software_version_and_target_device"
# webtalk_add_data -client project -key target_family -value "NA" -context "software_version_and_target_device"
# webtalk_add_data -client project -key target_device -value "NA" -context "software_version_and_target_device"
# webtalk_add_data -client project -key target_package -value "NA" -context "software_version_and_target_device"
# webtalk_add_data -client project -key target_speed -value "NA" -context "software_version_and_target_device"
# webtalk_add_data -client project -key random_id -value "eqonq5pbcsd4qkvhf6ba5p3v0k" -context "software_version_and_target_device"
# webtalk_add_data -client project -key project_id -value "2015.2_11" -context "software_version_and_target_device"
# webtalk_add_data -client project -key project_iteration -value "11" -context "software_version_and_target_device"
# webtalk_add_data -client project -key os_name -value "" -context "user_environment"
# webtalk_add_data -client project -key os_release -value "" -context "user_environment"
# webtalk_add_data -client project -key cpu_name -value "" -context "user_environment"
# webtalk_add_data -client project -key cpu_speed -value "" -context "user_environment"
# webtalk_add_data -client project -key total_processors -value "" -context "user_environment"
# webtalk_add_data -client project -key system_ram -value "" -context "user_environment"
# webtalk_register_client -client sdk
# webtalk_add_data -client sdk -key uid -value "1448033135000" -context "sdk\\\\hardware/1448033135000"
# webtalk_add_data -client sdk -key isZynq -value "true" -context "sdk\\\\hardware/1448033135000"
# webtalk_add_data -client sdk -key Processors -value "2" -context "sdk\\\\hardware/1448033135000"
# webtalk_add_data -client sdk -key VivadoVersion -value "2015.2" -context "sdk\\\\hardware/1448033135000"
# webtalk_add_data -client sdk -key Arch -value "zynq" -context "sdk\\\\hardware/1448033135000"
# webtalk_add_data -client sdk -key Device -value "7z010" -context "sdk\\\\hardware/1448033135000"
# webtalk_add_data -client sdk -key IsHandoff -value "true" -context "sdk\\\\hardware/1448033135000"
# webtalk_transmit -clientid 3771032442 -regid "" -xml /home/rcampos/co-diseno/tp-final/soc/labo6_vivado_try3/hello_world_3.sdk/webtalk/usage_statistics_ext_sdk.xml -html /home/rcampos/co-diseno/tp-final/soc/labo6_vivado_try3/hello_world_3.sdk/webtalk/usage_statistics_ext_sdk.html -wdm /home/rcampos/co-diseno/tp-final/soc/labo6_vivado_try3/hello_world_3.sdk/webtalk/sdk_webtalk.wdm -intro "<H3>SDK Usage Report</H3><BR>"
INFO: [Common 17-186] '/home/rcampos/co-diseno/tp-final/soc/labo6_vivado_try3/hello_world_3.sdk/webtalk/usage_statistics_ext_sdk.xml' has been successfully sent to Xilinx on Fri Nov 20 12:27:49 2015. For additional details about this file, please refer to the WebTalk help file at /opt/Xilinx/SDK/2015.2/doc/webtalk_introduction.html.
# webtalk_terminate
INFO: [Common 17-206] Exiting Webtalk at Fri Nov 20 12:27:49 2015...
