Copyright 1986-2015 Xilinx, Inc. All Rights Reserved.
------------------------------------------------------------------------------------
| Tool Version : Vivado v.2015.2 (lin64) Build 1266856 Fri Jun 26 16:35:25 MDT 2015
| Date         : Fri Nov 20 13:14:09 2015
| Host         : ws8.labo3 running 64-bit Ubuntu 14.04.1 LTS
| Command      : report_timing_summary -file ./report/rgb_to_bw_timing_routed.rpt
| Design       : rgb_to_bw
| Device       : 7z010-clg400
| Speed File   : -1  PRODUCTION 1.11 2014-09-11
------------------------------------------------------------------------------------

Timing Summary Report

------------------------------------------------------------------------------------------------
| Timer Settings
| --------------
------------------------------------------------------------------------------------------------

  Enable Multi Corner Analysis               :  Yes
  Enable Pessimism Removal                   :  Yes
  Pessimism Removal Resolution               :  Nearest Common Node
  Enable Input Delay Default Clock           :  No
  Enable Preset / Clear Arcs                 :  No
  Disable Flight Delays                      :  No

  Corner  Analyze    Analyze    
  Name    Max Paths  Min Paths  
  ------  ---------  ---------  
  Slow    Yes        Yes        
  Fast    Yes        Yes        



check_timing report

Table of Contents
-----------------
1. checking no_clock
2. checking constant_clock
3. checking pulse_width_clock
4. checking unconstrained_internal_endpoints
5. checking no_input_delay
6. checking no_output_delay
7. checking multiple_clock
8. checking generated_clocks
9. checking loops
10. checking partial_input_delay
11. checking partial_output_delay
12. checking latch_loops

1. checking no_clock
--------------------
 There are 0 register/latch pins with no clock.


2. checking constant_clock
--------------------------
 There are 0 register/latch pins with constant_clock.


3. checking pulse_width_clock
-----------------------------
 There are 0 register/latch pins which need pulse_width check


4. checking unconstrained_internal_endpoints
--------------------------------------------
 There are 0 pins that are not constrained for maximum delay.

 There are 0 pins that are not constrained for maximum delay due to constant clock.


5. checking no_input_delay
--------------------------
 There are 27 input ports with no input delay specified. (HIGH)

 There are 0 input ports with no input delay but user has a false path constraint.


6. checking no_output_delay
---------------------------
 There are 14 ports with no output delay specified. (HIGH)

 There are 0 ports with no output delay but user has a false path constraint

 There are 0 ports with no output delay but with a timing clock defined on it or propagating through it


7. checking multiple_clock
--------------------------
 There are 0 register/latch pins with multiple clocks.


8. checking generated_clocks
----------------------------
 There are 0 generated clocks that are not connected to a clock source.


9. checking loops
-----------------
 There are 0 combinational loops in the design.


10. checking partial_input_delay
--------------------------------
 There are 0 input ports with partial input delay specified.


11. checking partial_output_delay
---------------------------------
 There are 0 ports with partial output delay specified.


12. checking latch_loops
------------------------
 There are 0 combinational latch loops in the design through latch input



------------------------------------------------------------------------------------------------
| Design Timing Summary
| ---------------------
------------------------------------------------------------------------------------------------

    WNS(ns)      TNS(ns)  TNS Failing Endpoints  TNS Total Endpoints      WHS(ns)      THS(ns)  THS Failing Endpoints  THS Total Endpoints     WPWS(ns)     TPWS(ns)  TPWS Failing Endpoints  TPWS Total Endpoints  
    -------      -------  ---------------------  -------------------      -------      -------  ---------------------  -------------------     --------     --------  ----------------------  --------------------  
      4.210        0.000                      0                  105        0.173        0.000                      0                  105        3.500        0.000                       0                    53  


All user specified timing constraints are met.


------------------------------------------------------------------------------------------------
| Clock Summary
| -------------
------------------------------------------------------------------------------------------------

Clock   Waveform(ns)         Period(ns)      Frequency(MHz)
-----   ------------         ----------      --------------
ap_clk  {0.000 4.000}        8.000           125.000         


------------------------------------------------------------------------------------------------
| Intra Clock Table
| -----------------
------------------------------------------------------------------------------------------------

Clock             WNS(ns)      TNS(ns)  TNS Failing Endpoints  TNS Total Endpoints      WHS(ns)      THS(ns)  THS Failing Endpoints  THS Total Endpoints     WPWS(ns)     TPWS(ns)  TPWS Failing Endpoints  TPWS Total Endpoints  
-----             -------      -------  ---------------------  -------------------      -------      -------  ---------------------  -------------------     --------     --------  ----------------------  --------------------  
ap_clk              4.210        0.000                      0                  105        0.173        0.000                      0                  105        3.500        0.000                       0                    53  


------------------------------------------------------------------------------------------------
| Inter Clock Table
| -----------------
------------------------------------------------------------------------------------------------

From Clock    To Clock          WNS(ns)      TNS(ns)  TNS Failing Endpoints  TNS Total Endpoints      WHS(ns)      THS(ns)  THS Failing Endpoints  THS Total Endpoints  
----------    --------          -------      -------  ---------------------  -------------------      -------      -------  ---------------------  -------------------  


------------------------------------------------------------------------------------------------
| Other Path Groups Table
| -----------------------
------------------------------------------------------------------------------------------------

Path Group    From Clock    To Clock          WNS(ns)      TNS(ns)  TNS Failing Endpoints  TNS Total Endpoints      WHS(ns)      THS(ns)  THS Failing Endpoints  THS Total Endpoints  
----------    ----------    --------          -------      -------  ---------------------  -------------------      -------      -------  ---------------------  -------------------  


------------------------------------------------------------------------------------------------
| Timing Details
| --------------
------------------------------------------------------------------------------------------------


---------------------------------------------------------------------------------------------------
From Clock:  ap_clk
  To Clock:  ap_clk

Setup :            0  Failing Endpoints,  Worst Slack        4.210ns,  Total Violation        0.000ns
Hold  :            0  Failing Endpoints,  Worst Slack        0.173ns,  Total Violation        0.000ns
PW    :            0  Failing Endpoints,  Worst Slack        3.500ns,  Total Violation        0.000ns
---------------------------------------------------------------------------------------------------


Max Delay Paths
--------------------------------------------------------------------------------------
Slack (MET) :             4.210ns  (required time - arrival time)
  Source:                 rgb_to_bw_AXILiteS_s_axi_U/int_red_reg[1]/C
                            (rising edge-triggered cell FDRE clocked by ap_clk  {rise@0.000ns fall@4.000ns period=8.000ns})
  Destination:            mul_reg_97_reg/D[8]
                            (rising edge-triggered cell DSP48E1 clocked by ap_clk  {rise@0.000ns fall@4.000ns period=8.000ns})
  Path Group:             ap_clk
  Path Type:              Setup (Max at Slow Process Corner)
  Requirement:            8.000ns  (ap_clk rise@8.000ns - ap_clk rise@0.000ns)
  Data Path Delay:        3.129ns  (logic 1.622ns (51.841%)  route 1.507ns (48.159%))
  Logic Levels:           4  (CARRY4=3 LUT2=1)
  Clock Path Skew:        0.031ns (DCD - SCD + CPR)
    Destination Clock Delay (DCD):    1.600ns = ( 9.600 - 8.000 ) 
    Source Clock Delay      (SCD):    1.684ns
    Clock Pessimism Removal (CPR):    0.115ns
  Clock Uncertainty:      0.035ns  ((TSJ^2 + TIJ^2)^1/2 + DJ) / 2 + PE
    Total System Jitter     (TSJ):    0.071ns
    Total Input Jitter      (TIJ):    0.000ns
    Discrete Jitter          (DJ):    0.000ns
    Phase Error              (PE):    0.000ns

    Location             Delay type                Incr(ns)  Path(ns)    Netlist Resource(s)
  -------------------------------------------------------------------    -------------------
                         (clock ap_clk rise edge)     0.000     0.000 r  
                                                      0.000     0.000 r  ap_clk (IN)
                         net (fo=52, unset)           1.684     1.684    rgb_to_bw_AXILiteS_s_axi_U/ap_clk
    SLICE_X7Y44          FDRE                                         r  rgb_to_bw_AXILiteS_s_axi_U/int_red_reg[1]/C
  -------------------------------------------------------------------    -------------------
    SLICE_X7Y44          FDRE (Prop_fdre_C_Q)         0.419     2.103 r  rgb_to_bw_AXILiteS_s_axi_U/int_red_reg[1]/Q
                         net (fo=4, routed)           0.837     2.940    rgb_to_bw_AXILiteS_s_axi_U/tmp_2_cast_fu_54_p1[1]
    SLICE_X8Y44          LUT2 (Prop_lut2_I0_O)        0.299     3.239 r  rgb_to_bw_AXILiteS_s_axi_U/mul_reg_97_reg_i_11/O
                         net (fo=1, routed)           0.000     3.239    rgb_to_bw_AXILiteS_s_axi_U/mul_reg_97_reg_i_11_n_0
    SLICE_X8Y44          CARRY4 (Prop_carry4_S[1]_CO[3])
                                                      0.533     3.772 r  rgb_to_bw_AXILiteS_s_axi_U/mul_reg_97_reg_i_4/CO[3]
                         net (fo=1, routed)           0.000     3.772    rgb_to_bw_AXILiteS_s_axi_U/mul_reg_97_reg_i_4_n_0
    SLICE_X8Y45          CARRY4 (Prop_carry4_CI_CO[3])
                                                      0.117     3.889 r  rgb_to_bw_AXILiteS_s_axi_U/mul_reg_97_reg_i_3/CO[3]
                         net (fo=1, routed)           0.000     3.889    rgb_to_bw_AXILiteS_s_axi_U/mul_reg_97_reg_i_3_n_0
    SLICE_X8Y46          CARRY4 (Prop_carry4_CI_CO[0])
                                                      0.254     4.143 r  rgb_to_bw_AXILiteS_s_axi_U/mul_reg_97_reg_i_2/CO[0]
                         net (fo=1, routed)           0.670     4.813    tmp1_fu_58_p2[8]
    DSP48_X0Y18          DSP48E1                                      r  mul_reg_97_reg/D[8]
  -------------------------------------------------------------------    -------------------

                         (clock ap_clk rise edge)     8.000     8.000 r  
                                                      0.000     8.000 r  ap_clk (IN)
                         net (fo=52, unset)           1.600     9.600    ap_clk
    DSP48_X0Y18          DSP48E1                                      r  mul_reg_97_reg/CLK
                         clock pessimism              0.115     9.715    
                         clock uncertainty           -0.035     9.679    
    DSP48_X0Y18          DSP48E1 (Setup_dsp48e1_CLK_D[8])
                                                     -0.656     9.023    mul_reg_97_reg
  -------------------------------------------------------------------
                         required time                          9.023    
                         arrival time                          -4.813    
  -------------------------------------------------------------------
                         slack                                  4.210    





Min Delay Paths
--------------------------------------------------------------------------------------
Slack (MET) :             0.173ns  (arrival time - required time)
  Source:                 rgb_to_bw_AXILiteS_s_axi_U/int_green_reg[0]/C
                            (rising edge-triggered cell FDRE clocked by ap_clk  {rise@0.000ns fall@4.000ns period=8.000ns})
  Destination:            mul_reg_97_reg/A[0]
                            (rising edge-triggered cell DSP48E1 clocked by ap_clk  {rise@0.000ns fall@4.000ns period=8.000ns})
  Path Group:             ap_clk
  Path Type:              Hold (Min at Fast Process Corner)
  Requirement:            0.000ns  (ap_clk rise@0.000ns - ap_clk rise@0.000ns)
  Data Path Delay:        0.363ns  (logic 0.141ns (38.819%)  route 0.222ns (61.181%))
  Logic Levels:           0  
  Clock Path Skew:        0.125ns (DCD - SCD - CPR)
    Destination Clock Delay (DCD):    0.926ns
    Source Clock Delay      (SCD):    0.567ns
    Clock Pessimism Removal (CPR):    0.234ns

    Location             Delay type                Incr(ns)  Path(ns)    Netlist Resource(s)
  -------------------------------------------------------------------    -------------------
                         (clock ap_clk rise edge)     0.000     0.000 r  
                                                      0.000     0.000 r  ap_clk (IN)
                         net (fo=52, unset)           0.567     0.567    rgb_to_bw_AXILiteS_s_axi_U/ap_clk
    SLICE_X11Y45         FDRE                                         r  rgb_to_bw_AXILiteS_s_axi_U/int_green_reg[0]/C
  -------------------------------------------------------------------    -------------------
    SLICE_X11Y45         FDRE (Prop_fdre_C_Q)         0.141     0.708 r  rgb_to_bw_AXILiteS_s_axi_U/int_green_reg[0]/Q
                         net (fo=3, routed)           0.222     0.930    green[0]
    DSP48_X0Y18          DSP48E1                                      r  mul_reg_97_reg/A[0]
  -------------------------------------------------------------------    -------------------

                         (clock ap_clk rise edge)     0.000     0.000 r  
                                                      0.000     0.000 r  ap_clk (IN)
                         net (fo=52, unset)           0.926     0.926    ap_clk
    DSP48_X0Y18          DSP48E1                                      r  mul_reg_97_reg/CLK
                         clock pessimism             -0.234     0.692    
    DSP48_X0Y18          DSP48E1 (Hold_dsp48e1_CLK_A[0])
                                                      0.066     0.758    mul_reg_97_reg
  -------------------------------------------------------------------
                         required time                         -0.758    
                         arrival time                           0.930    
  -------------------------------------------------------------------
                         slack                                  0.173    





Pulse Width Checks
--------------------------------------------------------------------------------------
Clock Name:         ap_clk
Waveform(ns):       { 0.000 4.000 }
Period(ns):         8.000
Sources:            { ap_clk }

Check Type        Corner  Lib Pin      Reference Pin  Required(ns)  Actual(ns)  Slack(ns)  Location      Pin
Min Period        n/a     DSP48E1/CLK  n/a            3.443         8.000       4.557      DSP48_X0Y18   mul_reg_97_reg/CLK
Low Pulse Width   Fast    FDSE/C       n/a            0.500         4.000       3.500      SLICE_X10Y46  ap_CS_fsm_reg[0]/C
High Pulse Width  Slow    FDSE/C       n/a            0.500         4.000       3.500      SLICE_X10Y46  ap_CS_fsm_reg[0]/C



