
*** Running vivado
    with args -log design_1_wrapper.vdi -applog -m64 -messageDb vivado.pb -mode batch -source design_1_wrapper.tcl -notrace


****** Vivado v2015.2 (64-bit)
  **** SW Build 1266856 on Fri Jun 26 16:35:25 MDT 2015
  **** IP Build 1264090 on Wed Jun 24 14:22:01 MDT 2015
    ** Copyright 1986-2015 Xilinx, Inc. All Rights Reserved.

source design_1_wrapper.tcl -notrace
Design is defaulting to srcset: sources_1
Design is defaulting to constrset: constrs_1
INFO: [Netlist 29-17] Analyzing 31 Unisim elements for replacement
INFO: [Netlist 29-28] Unisim Transformation completed in 0 CPU seconds
INFO: [Project 1-479] Netlist was created with Vivado 2015.2
INFO: [Device 21-403] Loading part xc7z010clg400-1
INFO: [Project 1-570] Preparing netlist for logic optimization
Parsing XDC File [/home/rcampos/co-diseno/labo6_vivado_try3/hello_world_3.srcs/sources_1/bd/design_1/ip/design_1_processing_system7_0_1/design_1_processing_system7_0_1.xdc] for cell 'design_1_i/processing_system7_0/inst'
Finished Parsing XDC File [/home/rcampos/co-diseno/labo6_vivado_try3/hello_world_3.srcs/sources_1/bd/design_1/ip/design_1_processing_system7_0_1/design_1_processing_system7_0_1.xdc] for cell 'design_1_i/processing_system7_0/inst'
Parsing XDC File [/home/rcampos/co-diseno/labo6_vivado_try3/hello_world_3.srcs/sources_1/bd/design_1/ip/design_1_rst_processing_system7_0_100M_0/design_1_rst_processing_system7_0_100M_0_board.xdc] for cell 'design_1_i/rst_processing_system7_0_100M'
Finished Parsing XDC File [/home/rcampos/co-diseno/labo6_vivado_try3/hello_world_3.srcs/sources_1/bd/design_1/ip/design_1_rst_processing_system7_0_100M_0/design_1_rst_processing_system7_0_100M_0_board.xdc] for cell 'design_1_i/rst_processing_system7_0_100M'
Parsing XDC File [/home/rcampos/co-diseno/labo6_vivado_try3/hello_world_3.srcs/sources_1/bd/design_1/ip/design_1_rst_processing_system7_0_100M_0/design_1_rst_processing_system7_0_100M_0.xdc] for cell 'design_1_i/rst_processing_system7_0_100M'
Finished Parsing XDC File [/home/rcampos/co-diseno/labo6_vivado_try3/hello_world_3.srcs/sources_1/bd/design_1/ip/design_1_rst_processing_system7_0_100M_0/design_1_rst_processing_system7_0_100M_0.xdc] for cell 'design_1_i/rst_processing_system7_0_100M'
INFO: [Opt 31-138] Pushed 0 inverter(s) to 0 load pin(s).
INFO: [Project 1-111] Unisim Transformation Summary:
No Unisim elements were transformed.

link_design: Time (s): cpu = 00:00:06 ; elapsed = 00:00:07 . Memory (MB): peak = 1170.258 ; gain = 252.871 ; free physical = 1798 ; free virtual = 13614
Command: opt_design
Attempting to get a license for feature 'Implementation' and/or device 'xc7z010'
INFO: [Common 17-349] Got license for feature 'Implementation' and/or device 'xc7z010'
Running DRC as a precondition to command opt_design

Starting DRC Task
INFO: [DRC 23-27] Running DRC with 4 threads
INFO: [Project 1-461] DRC finished with 0 Errors
INFO: [Project 1-462] Please refer to the DRC report (report_drc) for more information.

Time (s): cpu = 00:00:00.13 ; elapsed = 00:00:00.15 . Memory (MB): peak = 1187.273 ; gain = 8.012 ; free physical = 1792 ; free virtual = 13608
INFO: [Timing 38-35] Done setting XDC timing constraints.

Starting Logic Optimization Task

Phase 1 Retarget

INFO: [Opt 31-138] Pushed 1 inverter(s) to 17 load pin(s).
INFO: [Opt 31-49] Retargeted 0 cell(s).
Phase 1 Retarget | Checksum: 1923c7836

Time (s): cpu = 00:00:00.12 ; elapsed = 00:00:00.11 . Memory (MB): peak = 1618.781 ; gain = 0.000 ; free physical = 1449 ; free virtual = 13265

Phase 2 Constant Propagation
INFO: [Opt 31-138] Pushed 0 inverter(s) to 0 load pin(s).
INFO: [Opt 31-10] Eliminated 11 cells.
Phase 2 Constant Propagation | Checksum: 115a67406

Time (s): cpu = 00:00:00.37 ; elapsed = 00:00:00.36 . Memory (MB): peak = 1618.781 ; gain = 0.000 ; free physical = 1449 ; free virtual = 13265

Phase 3 Sweep
INFO: [Opt 31-12] Eliminated 291 unconnected nets.
INFO: [Opt 31-11] Eliminated 331 unconnected cells.
Phase 3 Sweep | Checksum: 19ae7c90a

Time (s): cpu = 00:00:00.71 ; elapsed = 00:00:00.69 . Memory (MB): peak = 1618.781 ; gain = 0.000 ; free physical = 1449 ; free virtual = 13265

Starting Connectivity Check Task

Time (s): cpu = 00:00:00 ; elapsed = 00:00:00 . Memory (MB): peak = 1618.781 ; gain = 0.000 ; free physical = 1449 ; free virtual = 13265
Ending Logic Optimization Task | Checksum: 19ae7c90a

Time (s): cpu = 00:00:00.71 ; elapsed = 00:00:00.69 . Memory (MB): peak = 1618.781 ; gain = 0.000 ; free physical = 1449 ; free virtual = 13265
Implement Debug Cores | Checksum: d11a9d5b
Logic Optimization | Checksum: d11a9d5b

Starting Power Optimization Task
INFO: [Pwropt 34-132] Skipping clock gating for clocks with a period < 3.12 ns.
Ending Power Optimization Task | Checksum: 19ae7c90a

Time (s): cpu = 00:00:00.03 ; elapsed = 00:00:00.03 . Memory (MB): peak = 1618.781 ; gain = 0.000 ; free physical = 1449 ; free virtual = 13265
INFO: [Common 17-83] Releasing license: Implementation
20 Infos, 0 Warnings, 0 Critical Warnings and 0 Errors encountered.
opt_design completed successfully
opt_design: Time (s): cpu = 00:00:09 ; elapsed = 00:00:09 . Memory (MB): peak = 1618.781 ; gain = 448.523 ; free physical = 1449 ; free virtual = 13265
Writing placer database...
Writing XDEF routing.
Writing XDEF routing logical nets.
Writing XDEF routing special nets.
Write XDEF Complete: Time (s): cpu = 00:00:00.38 ; elapsed = 00:00:00.21 . Memory (MB): peak = 1650.797 ; gain = 0.000 ; free physical = 1447 ; free virtual = 13265
INFO: [DRC 23-27] Running DRC with 4 threads
INFO: [Coretcl 2-168] The results of DRC are in file /home/rcampos/co-diseno/labo6_vivado_try3/hello_world_3.runs/impl_1/design_1_wrapper_drc_opted.rpt.
Command: place_design
Attempting to get a license for feature 'Implementation' and/or device 'xc7z010'
INFO: [Common 17-349] Got license for feature 'Implementation' and/or device 'xc7z010'
INFO: [DRC 23-27] Running DRC with 4 threads
INFO: [Vivado_Tcl 4-198] DRC finished with 0 Errors
INFO: [Vivado_Tcl 4-199] Please refer to the DRC report (report_drc) for more information.
Running DRC as a precondition to command place_design
INFO: [DRC 23-27] Running DRC with 4 threads
INFO: [Vivado_Tcl 4-198] DRC finished with 0 Errors
INFO: [Vivado_Tcl 4-199] Please refer to the DRC report (report_drc) for more information.

Starting Placer Task
INFO: [Place 30-611] Multithreading enabled for place_design using a maximum of 4 CPUs

Phase 1 Placer Runtime Estimator
Phase 1 Placer Runtime Estimator | Checksum: c7eed8d9

Time (s): cpu = 00:00:00.03 ; elapsed = 00:00:00.04 . Memory (MB): peak = 1652.797 ; gain = 0.000 ; free physical = 1442 ; free virtual = 13258

Phase 2 Placer Initialization
Netlist sorting complete. Time (s): cpu = 00:00:00.01 ; elapsed = 00:00:00 . Memory (MB): peak = 1652.797 ; gain = 0.000 ; free physical = 1442 ; free virtual = 13258
Netlist sorting complete. Time (s): cpu = 00:00:00 ; elapsed = 00:00:00 . Memory (MB): peak = 1652.797 ; gain = 0.000 ; free physical = 1442 ; free virtual = 13258

Phase 2.1 IO Placement/ Clock Placement/ Build Placer Device

Phase 2.1.1 Pre-Place Cells
Phase 2.1.1 Pre-Place Cells | Checksum: 4589089f

Time (s): cpu = 00:00:00.07 ; elapsed = 00:00:00.08 . Memory (MB): peak = 1652.797 ; gain = 0.000 ; free physical = 1442 ; free virtual = 13258
WARNING: [Place 30-12] An IO Bus FIXED_IO_mio with more than one IO standard is found. Components associated with this bus are: 
	FIXED_IO_mio[53] of IOStandard LVCMOS18
	FIXED_IO_mio[52] of IOStandard LVCMOS18
	FIXED_IO_mio[51] of IOStandard LVCMOS18
	FIXED_IO_mio[50] of IOStandard LVCMOS18
	FIXED_IO_mio[49] of IOStandard LVCMOS18
	FIXED_IO_mio[48] of IOStandard LVCMOS18
	FIXED_IO_mio[47] of IOStandard LVCMOS18
	FIXED_IO_mio[46] of IOStandard LVCMOS18
	FIXED_IO_mio[45] of IOStandard LVCMOS18
	FIXED_IO_mio[44] of IOStandard LVCMOS18
	FIXED_IO_mio[43] of IOStandard LVCMOS18
	FIXED_IO_mio[42] of IOStandard LVCMOS18
	FIXED_IO_mio[41] of IOStandard LVCMOS18
	FIXED_IO_mio[40] of IOStandard LVCMOS18
	FIXED_IO_mio[39] of IOStandard LVCMOS18
	FIXED_IO_mio[38] of IOStandard LVCMOS18
	FIXED_IO_mio[37] of IOStandard LVCMOS18
	FIXED_IO_mio[36] of IOStandard LVCMOS18
	FIXED_IO_mio[35] of IOStandard LVCMOS18
	FIXED_IO_mio[34] of IOStandard LVCMOS18
	FIXED_IO_mio[33] of IOStandard LVCMOS18
	FIXED_IO_mio[32] of IOStandard LVCMOS18
	FIXED_IO_mio[31] of IOStandard LVCMOS18
	FIXED_IO_mio[30] of IOStandard LVCMOS18
	FIXED_IO_mio[29] of IOStandard LVCMOS18
	FIXED_IO_mio[28] of IOStandard LVCMOS18
	FIXED_IO_mio[27] of IOStandard HSTL_I_18
	FIXED_IO_mio[26] of IOStandard HSTL_I_18
	FIXED_IO_mio[25] of IOStandard HSTL_I_18
	FIXED_IO_mio[24] of IOStandard HSTL_I_18
	FIXED_IO_mio[23] of IOStandard HSTL_I_18
	FIXED_IO_mio[22] of IOStandard HSTL_I_18
	FIXED_IO_mio[21] of IOStandard HSTL_I_18
	FIXED_IO_mio[20] of IOStandard HSTL_I_18
	FIXED_IO_mio[19] of IOStandard HSTL_I_18
	FIXED_IO_mio[18] of IOStandard HSTL_I_18
	FIXED_IO_mio[17] of IOStandard HSTL_I_18
	FIXED_IO_mio[16] of IOStandard HSTL_I_18
	FIXED_IO_mio[15] of IOStandard LVCMOS18
	FIXED_IO_mio[14] of IOStandard LVCMOS18
	FIXED_IO_mio[13] of IOStandard LVCMOS18
	FIXED_IO_mio[12] of IOStandard LVCMOS18
	FIXED_IO_mio[11] of IOStandard LVCMOS18
	FIXED_IO_mio[10] of IOStandard LVCMOS18
	FIXED_IO_mio[9] of IOStandard LVCMOS18
	FIXED_IO_mio[8] of IOStandard LVCMOS18
	FIXED_IO_mio[7] of IOStandard LVCMOS18
	FIXED_IO_mio[6] of IOStandard LVCMOS33
	FIXED_IO_mio[5] of IOStandard LVCMOS33
	FIXED_IO_mio[4] of IOStandard LVCMOS33
	FIXED_IO_mio[3] of IOStandard LVCMOS33
	FIXED_IO_mio[2] of IOStandard LVCMOS33
	FIXED_IO_mio[1] of IOStandard LVCMOS33
	FIXED_IO_mio[0] of IOStandard LVCMOS18
INFO: [Timing 38-35] Done setting XDC timing constraints.

Phase 2.1.2 IO & Clk Clean Up
Phase 2.1.2 IO & Clk Clean Up | Checksum: 4589089f

Time (s): cpu = 00:00:00.91 ; elapsed = 00:00:00.97 . Memory (MB): peak = 1663.797 ; gain = 11.000 ; free physical = 1436 ; free virtual = 13246

Phase 2.1.3 Implementation Feasibility check On IDelay
Phase 2.1.3 Implementation Feasibility check On IDelay | Checksum: 4589089f

Time (s): cpu = 00:00:00.91 ; elapsed = 00:00:00.97 . Memory (MB): peak = 1663.797 ; gain = 11.000 ; free physical = 1436 ; free virtual = 13246

Phase 2.1.4 Commit IO Placement
Phase 2.1.4 Commit IO Placement | Checksum: a4069ec1

Time (s): cpu = 00:00:00.91 ; elapsed = 00:00:00.97 . Memory (MB): peak = 1663.797 ; gain = 11.000 ; free physical = 1436 ; free virtual = 13246
Phase 2.1 IO Placement/ Clock Placement/ Build Placer Device | Checksum: 197dbcf2c

Time (s): cpu = 00:00:00.91 ; elapsed = 00:00:00.97 . Memory (MB): peak = 1663.797 ; gain = 11.000 ; free physical = 1436 ; free virtual = 13246

Phase 2.2 Build Placer Netlist Model

Phase 2.2.1 Place Init Design

Phase 2.2.1.1 Init Lut Pin Assignment
Phase 2.2.1.1 Init Lut Pin Assignment | Checksum: 27a142fa7

Time (s): cpu = 00:00:00.99 ; elapsed = 00:00:01 . Memory (MB): peak = 1663.797 ; gain = 11.000 ; free physical = 1436 ; free virtual = 13246
Phase 2.2.1 Place Init Design | Checksum: 2772b0abd

Time (s): cpu = 00:00:01 ; elapsed = 00:00:01 . Memory (MB): peak = 1663.797 ; gain = 11.000 ; free physical = 1435 ; free virtual = 13245
Phase 2.2 Build Placer Netlist Model | Checksum: 2772b0abd

Time (s): cpu = 00:00:01 ; elapsed = 00:00:01 . Memory (MB): peak = 1663.797 ; gain = 11.000 ; free physical = 1435 ; free virtual = 13245

Phase 2.3 Constrain Clocks/Macros

Phase 2.3.1 Constrain Global/Regional Clocks
Phase 2.3.1 Constrain Global/Regional Clocks | Checksum: 2772b0abd

Time (s): cpu = 00:00:01 ; elapsed = 00:00:01 . Memory (MB): peak = 1663.797 ; gain = 11.000 ; free physical = 1435 ; free virtual = 13245
Phase 2.3 Constrain Clocks/Macros | Checksum: 2772b0abd

Time (s): cpu = 00:00:01 ; elapsed = 00:00:01 . Memory (MB): peak = 1663.797 ; gain = 11.000 ; free physical = 1435 ; free virtual = 13245
Phase 2 Placer Initialization | Checksum: 2772b0abd

Time (s): cpu = 00:00:01 ; elapsed = 00:00:01 . Memory (MB): peak = 1663.797 ; gain = 11.000 ; free physical = 1435 ; free virtual = 13245

Phase 3 Global Placement
Phase 3 Global Placement | Checksum: 19793bf69

Time (s): cpu = 00:00:03 ; elapsed = 00:00:02 . Memory (MB): peak = 1687.809 ; gain = 35.012 ; free physical = 1430 ; free virtual = 13241

Phase 4 Detail Placement

Phase 4.1 Commit Multi Column Macros
Phase 4.1 Commit Multi Column Macros | Checksum: 19793bf69

Time (s): cpu = 00:00:03 ; elapsed = 00:00:02 . Memory (MB): peak = 1687.809 ; gain = 35.012 ; free physical = 1430 ; free virtual = 13241

Phase 4.2 Commit Most Macros & LUTRAMs
Phase 4.2 Commit Most Macros & LUTRAMs | Checksum: 1ded46e68

Time (s): cpu = 00:00:03 ; elapsed = 00:00:02 . Memory (MB): peak = 1687.809 ; gain = 35.012 ; free physical = 1430 ; free virtual = 13241

Phase 4.3 Area Swap Optimization
Phase 4.3 Area Swap Optimization | Checksum: 1b7845c81

Time (s): cpu = 00:00:03 ; elapsed = 00:00:02 . Memory (MB): peak = 1687.809 ; gain = 35.012 ; free physical = 1430 ; free virtual = 13241

Phase 4.4 updateClock Trees: DP
Phase 4.4 updateClock Trees: DP | Checksum: 1b7845c81

Time (s): cpu = 00:00:03 ; elapsed = 00:00:02 . Memory (MB): peak = 1687.809 ; gain = 35.012 ; free physical = 1430 ; free virtual = 13241

Phase 4.5 Timing Path Optimizer
Phase 4.5 Timing Path Optimizer | Checksum: 1abaa604a

Time (s): cpu = 00:00:03 ; elapsed = 00:00:02 . Memory (MB): peak = 1687.809 ; gain = 35.012 ; free physical = 1430 ; free virtual = 13241

Phase 4.6 Small Shape Detail Placement

Phase 4.6.1 Commit Small Macros & Core Logic

Phase 4.6.1.1 setBudgets
Phase 4.6.1.1 setBudgets | Checksum: 1f4ce96bb

Time (s): cpu = 00:00:03 ; elapsed = 00:00:02 . Memory (MB): peak = 1687.809 ; gain = 35.012 ; free physical = 1430 ; free virtual = 13241

Phase 4.6.1.2 Commit Slice Clusters
Phase 4.6.1.2 Commit Slice Clusters | Checksum: 2390d6395

Time (s): cpu = 00:00:03 ; elapsed = 00:00:02 . Memory (MB): peak = 1687.809 ; gain = 35.012 ; free physical = 1429 ; free virtual = 13240
Phase 4.6.1 Commit Small Macros & Core Logic | Checksum: 2390d6395

Time (s): cpu = 00:00:03 ; elapsed = 00:00:02 . Memory (MB): peak = 1687.809 ; gain = 35.012 ; free physical = 1429 ; free virtual = 13240

Phase 4.6.2 Clock Restriction Legalization for Leaf Columns
Phase 4.6.2 Clock Restriction Legalization for Leaf Columns | Checksum: 2390d6395

Time (s): cpu = 00:00:03 ; elapsed = 00:00:02 . Memory (MB): peak = 1687.809 ; gain = 35.012 ; free physical = 1429 ; free virtual = 13240

Phase 4.6.3 Clock Restriction Legalization for Non-Clock Pins
Phase 4.6.3 Clock Restriction Legalization for Non-Clock Pins | Checksum: 2390d6395

Time (s): cpu = 00:00:03 ; elapsed = 00:00:02 . Memory (MB): peak = 1687.809 ; gain = 35.012 ; free physical = 1429 ; free virtual = 13240
Phase 4.6 Small Shape Detail Placement | Checksum: 2390d6395

Time (s): cpu = 00:00:03 ; elapsed = 00:00:02 . Memory (MB): peak = 1687.809 ; gain = 35.012 ; free physical = 1429 ; free virtual = 13240

Phase 4.7 Re-assign LUT pins
Phase 4.7 Re-assign LUT pins | Checksum: 2390d6395

Time (s): cpu = 00:00:03 ; elapsed = 00:00:02 . Memory (MB): peak = 1687.809 ; gain = 35.012 ; free physical = 1429 ; free virtual = 13240
Phase 4 Detail Placement | Checksum: 2390d6395

Time (s): cpu = 00:00:03 ; elapsed = 00:00:02 . Memory (MB): peak = 1687.809 ; gain = 35.012 ; free physical = 1429 ; free virtual = 13240

Phase 5 Post Placement Optimization and Clean-Up

Phase 5.1 PCOPT Shape updates
Phase 5.1 PCOPT Shape updates | Checksum: 1ad7bb7f2

Time (s): cpu = 00:00:03 ; elapsed = 00:00:02 . Memory (MB): peak = 1687.809 ; gain = 35.012 ; free physical = 1429 ; free virtual = 13240

Phase 5.2 Post Commit Optimization

Phase 5.2.1 updateClock Trees: PCOPT
Phase 5.2.1 updateClock Trees: PCOPT | Checksum: 1ad7bb7f2

Time (s): cpu = 00:00:03 ; elapsed = 00:00:02 . Memory (MB): peak = 1687.809 ; gain = 35.012 ; free physical = 1429 ; free virtual = 13240

Phase 5.2.2 Post Placement Optimization

Phase 5.2.2.1 Post Placement Timing Optimization
INFO: [Place 30-746] Post Placement Timing Summary WNS=3.906. For the most accurate timing information please run report_timing.
Phase 5.2.2.1 Post Placement Timing Optimization | Checksum: 12621511f

Time (s): cpu = 00:00:04 ; elapsed = 00:00:02 . Memory (MB): peak = 1687.809 ; gain = 35.012 ; free physical = 1429 ; free virtual = 13240
Phase 5.2.2 Post Placement Optimization | Checksum: 12621511f

Time (s): cpu = 00:00:04 ; elapsed = 00:00:02 . Memory (MB): peak = 1687.809 ; gain = 35.012 ; free physical = 1429 ; free virtual = 13240
Phase 5.2 Post Commit Optimization | Checksum: 12621511f

Time (s): cpu = 00:00:04 ; elapsed = 00:00:02 . Memory (MB): peak = 1687.809 ; gain = 35.012 ; free physical = 1429 ; free virtual = 13240

Phase 5.3 Sweep Clock Roots: Post-Placement
Phase 5.3 Sweep Clock Roots: Post-Placement | Checksum: 12621511f

Time (s): cpu = 00:00:04 ; elapsed = 00:00:02 . Memory (MB): peak = 1687.809 ; gain = 35.012 ; free physical = 1429 ; free virtual = 13240

Phase 5.4 Post Placement Cleanup
Phase 5.4 Post Placement Cleanup | Checksum: 12621511f

Time (s): cpu = 00:00:04 ; elapsed = 00:00:02 . Memory (MB): peak = 1687.809 ; gain = 35.012 ; free physical = 1429 ; free virtual = 13240

Phase 5.5 Placer Reporting

Phase 5.5.1 Restore STA
Phase 5.5.1 Restore STA | Checksum: 12621511f

Time (s): cpu = 00:00:04 ; elapsed = 00:00:02 . Memory (MB): peak = 1687.809 ; gain = 35.012 ; free physical = 1429 ; free virtual = 13240
Phase 5.5 Placer Reporting | Checksum: 12621511f

Time (s): cpu = 00:00:04 ; elapsed = 00:00:02 . Memory (MB): peak = 1687.809 ; gain = 35.012 ; free physical = 1429 ; free virtual = 13240

Phase 5.6 Final Placement Cleanup
Phase 5.6 Final Placement Cleanup | Checksum: 10886cb9c

Time (s): cpu = 00:00:04 ; elapsed = 00:00:02 . Memory (MB): peak = 1687.809 ; gain = 35.012 ; free physical = 1429 ; free virtual = 13240
Phase 5 Post Placement Optimization and Clean-Up | Checksum: 10886cb9c

Time (s): cpu = 00:00:04 ; elapsed = 00:00:02 . Memory (MB): peak = 1687.809 ; gain = 35.012 ; free physical = 1429 ; free virtual = 13240
Ending Placer Task | Checksum: b6bf9d51

Time (s): cpu = 00:00:04 ; elapsed = 00:00:02 . Memory (MB): peak = 1687.809 ; gain = 35.012 ; free physical = 1429 ; free virtual = 13240
INFO: [Common 17-83] Releasing license: Implementation
33 Infos, 1 Warnings, 0 Critical Warnings and 0 Errors encountered.
place_design completed successfully
Writing placer database...
Writing XDEF routing.
Writing XDEF routing logical nets.
Writing XDEF routing special nets.
Write XDEF Complete: Time (s): cpu = 00:00:00.48 ; elapsed = 00:00:00.39 . Memory (MB): peak = 1687.809 ; gain = 0.000 ; free physical = 1426 ; free virtual = 13240
report_io: Time (s): cpu = 00:00:00.18 ; elapsed = 00:00:00.23 . Memory (MB): peak = 1687.809 ; gain = 0.000 ; free physical = 1420 ; free virtual = 13231
report_utilization: Time (s): cpu = 00:00:00.16 ; elapsed = 00:00:00.20 . Memory (MB): peak = 1687.809 ; gain = 0.000 ; free physical = 1420 ; free virtual = 13231
report_control_sets: Time (s): cpu = 00:00:00.09 ; elapsed = 00:00:00.14 . Memory (MB): peak = 1687.809 ; gain = 0.000 ; free physical = 1420 ; free virtual = 13231
Command: route_design
Attempting to get a license for feature 'Implementation' and/or device 'xc7z010'
INFO: [Common 17-349] Got license for feature 'Implementation' and/or device 'xc7z010'
Running DRC as a precondition to command route_design
INFO: [DRC 23-27] Running DRC with 4 threads
WARNING: [DRC 23-20] Rule violation (PLIO-7) Placement Constraints Check for IO constraints - An IO Bus FIXED_IO_mio[53:0] with more than one IO standard is found. Components associated with this bus are:  FIXED_IO_mio[53] of IOStandard LVCMOS18; FIXED_IO_mio[52] of IOStandard LVCMOS18; FIXED_IO_mio[51] of IOStandard LVCMOS18; FIXED_IO_mio[50] of IOStandard LVCMOS18; FIXED_IO_mio[49] of IOStandard LVCMOS18; FIXED_IO_mio[48] of IOStandard LVCMOS18; FIXED_IO_mio[47] of IOStandard LVCMOS18; FIXED_IO_mio[46] of IOStandard LVCMOS18; FIXED_IO_mio[45] of IOStandard LVCMOS18; FIXED_IO_mio[44] of IOStandard LVCMOS18; FIXED_IO_mio[43] of IOStandard LVCMOS18; FIXED_IO_mio[42] of IOStandard LVCMOS18; FIXED_IO_mio[41] of IOStandard LVCMOS18; FIXED_IO_mio[40] of IOStandard LVCMOS18; FIXED_IO_mio[39] of IOStandard LVCMOS18; FIXED_IO_mio[38] of IOStandard LVCMOS18; FIXED_IO_mio[37] of IOStandard LVCMOS18; FIXED_IO_mio[36] of IOStandard LVCMOS18; FIXED_IO_mio[35] of IOStandard LVCMOS18; FIXED_IO_mio[34] of IOStandard LVCMOS18; FIXED_IO_mio[33] of IOStandard LVCMOS18; FIXED_IO_mio[32] of IOStandard LVCMOS18; FIXED_IO_mio[31] of IOStandard LVCMOS18; FIXED_IO_mio[30] of IOStandard LVCMOS18; FIXED_IO_mio[29] of IOStandard LVCMOS18; FIXED_IO_mio[28] of IOStandard LVCMOS18; FIXED_IO_mio[27] of IOStandard HSTL_I_18; FIXED_IO_mio[26] of IOStandard HSTL_I_18; FIXED_IO_mio[25] of IOStandard HSTL_I_18; FIXED_IO_mio[24] of IOStandard HSTL_I_18; FIXED_IO_mio[23] of IOStandard HSTL_I_18; FIXED_IO_mio[22] of IOStandard HSTL_I_18; FIXED_IO_mio[21] of IOStandard HSTL_I_18; FIXED_IO_mio[20] of IOStandard HSTL_I_18; FIXED_IO_mio[19] of IOStandard HSTL_I_18; FIXED_IO_mio[18] of IOStandard HSTL_I_18; FIXED_IO_mio[17] of IOStandard HSTL_I_18; FIXED_IO_mio[16] of IOStandard HSTL_I_18; FIXED_IO_mio[15] of IOStandard LVCMOS18; FIXED_IO_mio[14] of IOStandard LVCMOS18; FIXED_IO_mio[13] of IOStandard LVCMOS18; FIXED_IO_mio[12] of IOStandard LVCMOS18; FIXED_IO_mio[11] of IOStandard LVCMOS18; FIXED_IO_mio[10] of IOStandard LVCMOS18; FIXED_IO_mio[9] of IOStandard LVCMOS18; FIXED_IO_mio[8] of IOStandard LVCMOS18; FIXED_IO_mio[7] of IOStandard LVCMOS18; FIXED_IO_mio[6] of IOStandard LVCMOS33; FIXED_IO_mio[5] of IOStandard LVCMOS33; FIXED_IO_mio[4] of IOStandard LVCMOS33; FIXED_IO_mio[3] of IOStandard LVCMOS33; FIXED_IO_mio[2] of IOStandard LVCMOS33; FIXED_IO_mio[1] of IOStandard LVCMOS33; FIXED_IO_mio[0] of IOStandard LVCMOS18;
INFO: [Vivado_Tcl 4-198] DRC finished with 0 Errors, 1 Warnings
INFO: [Vivado_Tcl 4-199] Please refer to the DRC report (report_drc) for more information.


Starting Routing Task
INFO: [Route 35-254] Multithreading enabled for route_design using a maximum of 4 CPUs

Phase 1 Build RT Design
Phase 1 Build RT Design | Checksum: 11a5d7f78

Time (s): cpu = 00:00:10 ; elapsed = 00:00:08 . Memory (MB): peak = 1690.793 ; gain = 2.984 ; free physical = 1369 ; free virtual = 13180

Phase 2 Router Initialization

Phase 2.1 Create Timer
Phase 2.1 Create Timer | Checksum: 11a5d7f78

Time (s): cpu = 00:00:10 ; elapsed = 00:00:08 . Memory (MB): peak = 1695.793 ; gain = 7.984 ; free physical = 1368 ; free virtual = 13180

Phase 2.2 Pre Route Cleanup
Phase 2.2 Pre Route Cleanup | Checksum: 11a5d7f78

Time (s): cpu = 00:00:10 ; elapsed = 00:00:08 . Memory (MB): peak = 1709.793 ; gain = 21.984 ; free physical = 1354 ; free virtual = 13166
 Number of Nodes with overlaps = 0

Phase 2.3 Update Timing
Phase 2.3 Update Timing | Checksum: 1fadca98a

Time (s): cpu = 00:00:10 ; elapsed = 00:00:09 . Memory (MB): peak = 1720.793 ; gain = 32.984 ; free physical = 1343 ; free virtual = 13154
INFO: [Route 35-57] Estimated Timing Summary | WNS=3.838  | TNS=0.000  | WHS=-0.147 | THS=-13.236|

Phase 2 Router Initialization | Checksum: 19bf2f610

Time (s): cpu = 00:00:10 ; elapsed = 00:00:09 . Memory (MB): peak = 1720.793 ; gain = 32.984 ; free physical = 1343 ; free virtual = 13154

Phase 3 Initial Routing
Phase 3 Initial Routing | Checksum: 2012f5a45

Time (s): cpu = 00:00:11 ; elapsed = 00:00:09 . Memory (MB): peak = 1720.793 ; gain = 32.984 ; free physical = 1343 ; free virtual = 13154

Phase 4 Rip-up And Reroute

Phase 4.1 Global Iteration 0
 Number of Nodes with overlaps = 98
 Number of Nodes with overlaps = 0

Phase 4.1.1 Update Timing
Phase 4.1.1 Update Timing | Checksum: 10276ff06

Time (s): cpu = 00:00:11 ; elapsed = 00:00:09 . Memory (MB): peak = 1720.793 ; gain = 32.984 ; free physical = 1343 ; free virtual = 13154
INFO: [Route 35-57] Estimated Timing Summary | WNS=3.485  | TNS=0.000  | WHS=N/A    | THS=N/A    |

Phase 4.1 Global Iteration 0 | Checksum: 193682a8b

Time (s): cpu = 00:00:11 ; elapsed = 00:00:09 . Memory (MB): peak = 1720.793 ; gain = 32.984 ; free physical = 1343 ; free virtual = 13154
Phase 4 Rip-up And Reroute | Checksum: 193682a8b

Time (s): cpu = 00:00:11 ; elapsed = 00:00:09 . Memory (MB): peak = 1720.793 ; gain = 32.984 ; free physical = 1343 ; free virtual = 13154

Phase 5 Delay and Skew Optimization

Phase 5.1 Delay CleanUp

Phase 5.1.1 Update Timing
Phase 5.1.1 Update Timing | Checksum: 1db4fc96b

Time (s): cpu = 00:00:11 ; elapsed = 00:00:09 . Memory (MB): peak = 1720.793 ; gain = 32.984 ; free physical = 1343 ; free virtual = 13154
INFO: [Route 35-57] Estimated Timing Summary | WNS=3.606  | TNS=0.000  | WHS=N/A    | THS=N/A    |

Phase 5.1 Delay CleanUp | Checksum: 1db4fc96b

Time (s): cpu = 00:00:11 ; elapsed = 00:00:09 . Memory (MB): peak = 1720.793 ; gain = 32.984 ; free physical = 1343 ; free virtual = 13154

Phase 5.2 Clock Skew Optimization
Phase 5.2 Clock Skew Optimization | Checksum: 1db4fc96b

Time (s): cpu = 00:00:11 ; elapsed = 00:00:09 . Memory (MB): peak = 1720.793 ; gain = 32.984 ; free physical = 1343 ; free virtual = 13154
Phase 5 Delay and Skew Optimization | Checksum: 1db4fc96b

Time (s): cpu = 00:00:11 ; elapsed = 00:00:09 . Memory (MB): peak = 1720.793 ; gain = 32.984 ; free physical = 1343 ; free virtual = 13154

Phase 6 Post Hold Fix

Phase 6.1 Update Timing
Phase 6.1 Update Timing | Checksum: 2128ecb21

Time (s): cpu = 00:00:11 ; elapsed = 00:00:09 . Memory (MB): peak = 1720.793 ; gain = 32.984 ; free physical = 1343 ; free virtual = 13154
INFO: [Route 35-57] Estimated Timing Summary | WNS=3.606  | TNS=0.000  | WHS=0.059  | THS=0.000  |

Phase 6 Post Hold Fix | Checksum: 20be79204

Time (s): cpu = 00:00:11 ; elapsed = 00:00:09 . Memory (MB): peak = 1720.793 ; gain = 32.984 ; free physical = 1343 ; free virtual = 13154

Phase 7 Route finalize

Router Utilization Summary
  Global Vertical Routing Utilization    = 0.324465 %
  Global Horizontal Routing Utilization  = 0.514017 %
  Routable Net Status*
  *Does not include unroutable nets such as driverless and loadless.
  Run report_route_status for detailed report.
  Number of Failed Nets               = 0
  Number of Unrouted Nets             = 0
  Number of Partially Routed Nets     = 0
  Number of Node Overlaps             = 0

Phase 7 Route finalize | Checksum: 1fa95d6dd

Time (s): cpu = 00:00:11 ; elapsed = 00:00:09 . Memory (MB): peak = 1720.793 ; gain = 32.984 ; free physical = 1343 ; free virtual = 13154

Phase 8 Verifying routed nets

 Verification completed successfully
Phase 8 Verifying routed nets | Checksum: 1fa95d6dd

Time (s): cpu = 00:00:11 ; elapsed = 00:00:09 . Memory (MB): peak = 1720.793 ; gain = 32.984 ; free physical = 1341 ; free virtual = 13152

Phase 9 Depositing Routes
Phase 9 Depositing Routes | Checksum: 1b66b80a7

Time (s): cpu = 00:00:12 ; elapsed = 00:00:09 . Memory (MB): peak = 1720.793 ; gain = 32.984 ; free physical = 1341 ; free virtual = 13152

Phase 10 Post Router Timing
INFO: [Route 35-57] Estimated Timing Summary | WNS=3.606  | TNS=0.000  | WHS=0.059  | THS=0.000  |

INFO: [Route 35-327] The final timing numbers are based on the router estimated timing analysis. For a complete and accurate timing signoff, please run report_timing_summary.
Phase 10 Post Router Timing | Checksum: 1b66b80a7

Time (s): cpu = 00:00:12 ; elapsed = 00:00:09 . Memory (MB): peak = 1720.793 ; gain = 32.984 ; free physical = 1341 ; free virtual = 13152
INFO: [Route 35-16] Router Completed Successfully

Time (s): cpu = 00:00:12 ; elapsed = 00:00:09 . Memory (MB): peak = 1720.793 ; gain = 32.984 ; free physical = 1341 ; free virtual = 13152

Routing Is Done.
INFO: [Common 17-83] Releasing license: Implementation
46 Infos, 2 Warnings, 0 Critical Warnings and 0 Errors encountered.
route_design completed successfully
route_design: Time (s): cpu = 00:00:12 ; elapsed = 00:00:10 . Memory (MB): peak = 1720.793 ; gain = 32.984 ; free physical = 1341 ; free virtual = 13152
Writing placer database...
Writing XDEF routing.
Writing XDEF routing logical nets.
Writing XDEF routing special nets.
Write XDEF Complete: Time (s): cpu = 00:00:00.48 ; elapsed = 00:00:00.43 . Memory (MB): peak = 1730.797 ; gain = 0.000 ; free physical = 1337 ; free virtual = 13152
INFO: [DRC 23-27] Running DRC with 4 threads
INFO: [Coretcl 2-168] The results of DRC are in file /home/rcampos/co-diseno/labo6_vivado_try3/hello_world_3.runs/impl_1/design_1_wrapper_drc_routed.rpt.
INFO: [Timing 38-91] UpdateTimingParams: Speed grade: -1, Delay Type: min_max.
INFO: [Timing 38-191] Multithreading enabled for timing update using a maximum of 4 CPUs
Running Vector-less Activity Propagation...

Finished Running Vector-less Activity Propagation
INFO: [Common 17-206] Exiting Vivado at Wed Nov  4 12:49:15 2015...

*** Running vivado
    with args -log design_1_wrapper.vdi -applog -m64 -messageDb vivado.pb -mode batch -source design_1_wrapper.tcl -notrace


****** Vivado v2015.2 (64-bit)
  **** SW Build 1266856 on Fri Jun 26 16:35:25 MDT 2015
  **** IP Build 1264090 on Wed Jun 24 14:22:01 MDT 2015
    ** Copyright 1986-2015 Xilinx, Inc. All Rights Reserved.

source design_1_wrapper.tcl -notrace
Command: open_checkpoint design_1_wrapper_routed.dcp
INFO: [Netlist 29-17] Analyzing 25 Unisim elements for replacement
INFO: [Netlist 29-28] Unisim Transformation completed in 0 CPU seconds
INFO: [Project 1-479] Netlist was created with Vivado 2015.2
INFO: [Device 21-403] Loading part xc7z010clg400-1
INFO: [Project 1-570] Preparing netlist for logic optimization
Parsing XDC File [/home/rcampos/co-diseno/labo6_vivado_try3/hello_world_3.runs/impl_1/.Xil/Vivado-29920-ws8.labo3/dcp/design_1_wrapper_early.xdc]
Finished Parsing XDC File [/home/rcampos/co-diseno/labo6_vivado_try3/hello_world_3.runs/impl_1/.Xil/Vivado-29920-ws8.labo3/dcp/design_1_wrapper_early.xdc]
Reading XDEF placement.
Reading placer database...
Reading XDEF routing.
Read XDEF File: Time (s): cpu = 00:00:00.22 ; elapsed = 00:00:00.39 . Memory (MB): peak = 1162.719 ; gain = 2.000 ; free physical = 1782 ; free virtual = 13610
Restored from archive | CPU: 0.230000 secs | Memory: 1.222176 MB |
Finished XDEF File Restore: Time (s): cpu = 00:00:00.22 ; elapsed = 00:00:00.39 . Memory (MB): peak = 1162.719 ; gain = 2.000 ; free physical = 1782 ; free virtual = 13610
INFO: [Project 1-111] Unisim Transformation Summary:
No Unisim elements were transformed.

INFO: [Project 1-484] Checkpoint was created with build 1266856
open_checkpoint: Time (s): cpu = 00:00:06 ; elapsed = 00:00:07 . Memory (MB): peak = 1163.719 ; gain = 249.348 ; free physical = 1784 ; free virtual = 13609
Attempting to get a license for feature 'Implementation' and/or device 'xc7z010'
INFO: [Common 17-349] Got license for feature 'Implementation' and/or device 'xc7z010'
Running DRC as a precondition to command write_bitstream
INFO: [DRC 23-27] Running DRC with 4 threads
INFO: [Vivado 12-3199] DRC finished with 0 Errors
INFO: [Vivado 12-3200] Please refer to the DRC report (report_drc) for more information.
Loading data files...
Loading site data...
Loading route data...
Processing options...
Creating bitmap...
Creating bitstream...
Writing bitstream ./design_1_wrapper.bit...
INFO: [Vivado 12-1842] Bitgen Completed Successfully.
INFO: [Common 17-83] Releasing license: Implementation
write_bitstream: Time (s): cpu = 00:00:10 ; elapsed = 00:00:10 . Memory (MB): peak = 1518.852 ; gain = 355.133 ; free physical = 1438 ; free virtual = 13264
INFO: [Common 17-206] Exiting Vivado at Wed Nov  4 12:49:47 2015...
